This is pdfTeX, Version 3.1415926-2.4-1.40.13 (TeX Live 2012) (format=pdflatex 2012.6.30)  17 JUN 2013 15:19
entering extended mode
 \write18 enabled.
 file:line:error style messages enabled.
 %&-line parsing enabled.
**thesis.tex
(./thesis.tex
LaTeX2e <2011/06/27>
Babel <v3.8m> and hyphenation patterns for english, dumylang, nohyphenation, ge
rman-x-2012-05-30, ngerman-x-2012-05-30, afrikaans, ancientgreek, ibycus, arabi
c, armenian, basque, bulgarian, catalan, pinyin, coptic, croatian, czech, danis
h, dutch, ukenglish, usenglishmax, esperanto, estonian, ethiopic, farsi, finnis
h, french, friulan, galician, german, ngerman, swissgerman, monogreek, greek, h
ungarian, icelandic, assamese, bengali, gujarati, hindi, kannada, malayalam, ma
rathi, oriya, panjabi, tamil, telugu, indonesian, interlingua, irish, italian, 
kurmanji, latin, latvian, lithuanian, mongolian, mongolianlmc, bokmal, nynorsk,
 polish, portuguese, romanian, romansh, russian, sanskrit, serbian, serbianc, s
lovak, slovenian, spanish, swedish, turkish, turkmen, ukrainian, uppersorbian, 
welsh, loaded.
(/usr/local/texlive/2012/texmf-dist/tex/latex/base/report.cls
Document Class: report 2007/10/19 v1.4h Standard LaTeX document class
(/usr/local/texlive/2012/texmf-dist/tex/latex/base/size12.clo
File: size12.clo 2007/10/19 v1.4h Standard LaTeX file (size option)
)
\c@part=\count79
\c@chapter=\count80
\c@section=\count81
\c@subsection=\count82
\c@subsubsection=\count83
\c@paragraph=\count84
\c@subparagraph=\count85
\c@figure=\count86
\c@table=\count87
\abovecaptionskip=\skip41
\belowcaptionskip=\skip42
\bibindent=\dimen102
)
(/usr/local/texlive/2012/texmf-dist/tex/latex/amsmath/amsmath.sty
Package: amsmath 2000/07/18 v2.13 AMS math features
\@mathmargin=\skip43

For additional information on amsmath, use the `?' option.
(/usr/local/texlive/2012/texmf-dist/tex/latex/amsmath/amstext.sty
Package: amstext 2000/06/29 v2.01

(/usr/local/texlive/2012/texmf-dist/tex/latex/amsmath/amsgen.sty
File: amsgen.sty 1999/11/30 v2.0
\@emptytoks=\toks14
\ex@=\dimen103
))
(/usr/local/texlive/2012/texmf-dist/tex/latex/amsmath/amsbsy.sty
Package: amsbsy 1999/11/29 v1.2d
\pmbraise@=\dimen104
)
(/usr/local/texlive/2012/texmf-dist/tex/latex/amsmath/amsopn.sty
Package: amsopn 1999/12/14 v2.01 operator names
)
\inf@bad=\count88
LaTeX Info: Redefining \frac on input line 211.
\uproot@=\count89
\leftroot@=\count90
LaTeX Info: Redefining \overline on input line 307.
\classnum@=\count91
\DOTSCASE@=\count92
LaTeX Info: Redefining \ldots on input line 379.
LaTeX Info: Redefining \dots on input line 382.
LaTeX Info: Redefining \cdots on input line 467.
\Mathstrutbox@=\box26
\strutbox@=\box27
\big@size=\dimen105
LaTeX Font Info:    Redeclaring font encoding OML on input line 567.
LaTeX Font Info:    Redeclaring font encoding OMS on input line 568.
\macc@depth=\count93
\c@MaxMatrixCols=\count94
\dotsspace@=\muskip10
\c@parentequation=\count95
\dspbrk@lvl=\count96
\tag@help=\toks15
\row@=\count97
\column@=\count98
\maxfields@=\count99
\andhelp@=\toks16
\eqnshift@=\dimen106
\alignsep@=\dimen107
\tagshift@=\dimen108
\tagwidth@=\dimen109
\totwidth@=\dimen110
\lineht@=\dimen111
\@envbody=\toks17
\multlinegap=\skip44
\multlinetaggap=\skip45
\mathdisplay@stack=\toks18
LaTeX Info: Redefining \[ on input line 2666.
LaTeX Info: Redefining \] on input line 2667.
)
(/usr/local/texlive/2012/texmf-dist/tex/latex/graphics/graphics.sty
Package: graphics 2009/02/05 v1.0o Standard LaTeX Graphics (DPC,SPQR)

(/usr/local/texlive/2012/texmf-dist/tex/latex/graphics/trig.sty
Package: trig 1999/03/16 v1.09 sin cos tan (DPC)
)
(/usr/local/texlive/2012/texmf-dist/tex/latex/latexconfig/graphics.cfg
File: graphics.cfg 2010/04/23 v1.9 graphics configuration of TeX Live
)
Package graphics Info: Driver file: pdftex.def on input line 91.

(/usr/local/texlive/2012/texmf-dist/tex/latex/pdftex-def/pdftex.def
File: pdftex.def 2011/05/27 v0.06d Graphics/color for pdfTeX

(/usr/local/texlive/2012/texmf-dist/tex/generic/oberdiek/infwarerr.sty
Package: infwarerr 2010/04/08 v1.3 Providing info/warning/error messages (HO)
)
(/usr/local/texlive/2012/texmf-dist/tex/generic/oberdiek/ltxcmds.sty
Package: ltxcmds 2011/11/09 v1.22 LaTeX kernel commands for general use (HO)
)
\Gread@gobject=\count100
))
(/usr/local/texlive/2012/texmf-dist/tex/latex/setspace/setspace.sty
Package: setspace 2011/12/19 v6.7a set line spacing
)
(/usr/local/texlive/2012/texmf-dist/tex/latex/tools/longtable.sty
Package: longtable 2004/02/01 v4.11 Multi-page Table package (DPC)
\LTleft=\skip46
\LTright=\skip47
\LTpre=\skip48
\LTpost=\skip49
\LTchunksize=\count101
\LTcapwidth=\dimen112
\LT@head=\box28
\LT@firsthead=\box29
\LT@foot=\box30
\LT@lastfoot=\box31
\LT@cols=\count102
\LT@rows=\count103
\c@LT@tables=\count104
\c@LT@chunks=\count105
\LT@p@ftn=\toks19
)
(/usr/local/texlive/2012/texmf-dist/tex/latex/subfig/subfig.sty
Package: subfig 2005/06/28 ver: 1.3 subfig package

(/usr/local/texlive/2012/texmf-dist/tex/latex/graphics/keyval.sty
Package: keyval 1999/03/16 v1.13 key=value parser (DPC)
\KV@toks@=\toks20
)
(/usr/local/texlive/2012/texmf-dist/tex/latex/caption/caption.sty
Package: caption 2012/02/19 v3.2f Customizing captions (AR)

(/usr/local/texlive/2012/texmf-dist/tex/latex/caption/caption3.sty
Package: caption3 2012/01/12 v1.4b caption3 kernel (AR)
\captionmargin=\dimen113
\captionmargin@=\dimen114
\captionwidth=\dimen115
\caption@indent=\dimen116
\caption@parindent=\dimen117
\caption@hangindent=\dimen118
)
\c@ContinuedFloat=\count106
Package caption Info: longtable package is loaded.

(/usr/local/texlive/2012/texmf-dist/tex/latex/caption/ltcaption.sty
Package: ltcaption 2011/09/12 v1.3 longtable captions (AR)
))
\c@KVtest=\count107
\sf@farskip=\skip50
\sf@captopadj=\dimen119
\sf@capskip=\skip51
\sf@nearskip=\skip52
\c@subfigure=\count108
\c@subfigure@save=\count109
\c@lofdepth=\count110
\c@subtable=\count111
\c@subtable@save=\count112
\c@lotdepth=\count113
\sf@top=\skip53
\sf@bottom=\skip54
)
(/usr/local/texlive/2012/texmf-dist/tex/latex/easylist/easylist.sty
Package: easylist 2010/02/28 v.1.3 Numbered items with a single command.
\el@CounterTotal=\count114
\el@Scratch=\count115
\el@ControlCounter=\count116
\el@CounterLevel=\count117
\c@List1=\count118
\c@List2=\count119
\c@List3=\count120
\c@List4=\count121
\c@List5=\count122
\c@List6=\count123
\c@List7=\count124
\c@List8=\count125
\c@List9=\count126
\c@List10=\count127
\el@ProgressiveDimension=\dimen120
\el@CounterBox=\box32
\el@ControlBox=\box33
\el@TotalMargin=\dimen121
\el@LeftMove=\dimen122
)
(./Style/datestamp.sty

LaTeX Warning: You have requested package `Style/datestamp',
               but the package provides `datestamp'.

Package: datestamp 2000/03/25
\datestampoffset=\dimen123
\datestampcount=\count128
\datestamplimit=\count129
) (./Style/McECEThesis.sty

LaTeX Warning: You have requested package `Style/McECEThesis',
               but the package provides `McECEThesis'.

Package: McECEThesis 2005/02/15
\insidemargin=\dimen124
\outsidemargin=\dimen125
\abovemargin=\dimen126
\belowmargin=\dimen127
(/usr/local/texlive/2012/texmf-dist/tex/latex/fancyhdr/fancyhdr.sty
\fancy@headwidth=\skip55
\f@ncyO@elh=\skip56
\f@ncyO@erh=\skip57
\f@ncyO@olh=\skip58
\f@ncyO@orh=\skip59
\f@ncyO@elf=\skip60
\f@ncyO@erf=\skip61
\f@ncyO@olf=\skip62
\f@ncyO@orf=\skip63
)

Package Fancyhdr Warning: \fancyhead's `E' option without twoside option is use
less on input line 131.


Package Fancyhdr Warning: \fancyhead's `E' option without twoside option is use
less on input line 132.


Package Fancyhdr Warning: \fancyfoot's `E' option without twoside option is use
less on input line 133.

\aboveTcaptionskip=\dimen128
\belowTcaptionskip=\dimen129
) (./Style/McGillLogo.sty

LaTeX Warning: You have requested package `Style/McGillLogo',
               but the package provides `McGillLogo'.

Package: McGillLogo 2004/08/31
) (/usr/local/texlive/2012/texmf-dist/tex/latex/graphics/color.sty
Package: color 2005/11/14 v1.0j Standard LaTeX Color (DPC)

(/usr/local/texlive/2012/texmf-dist/tex/latex/latexconfig/color.cfg
File: color.cfg 2007/01/18 v1.5 color configuration of teTeX/TeXLive
)
Package color Info: Driver file: pdftex.def on input line 130.
)
(./thesis.aux (./chapters/introduction.aux) (./chapters/background.aux)
No file chapters/design.aux.
(./chapters/results.aux) (./chapters/conclusions.aux))
\openout1 = `thesis.aux'.

LaTeX Font Info:    Checking defaults for OML/cmm/m/it on input line 35.
LaTeX Font Info:    ... okay on input line 35.
LaTeX Font Info:    Checking defaults for T1/cmr/m/n on input line 35.
LaTeX Font Info:    ... okay on input line 35.
LaTeX Font Info:    Checking defaults for OT1/cmr/m/n on input line 35.
LaTeX Font Info:    ... okay on input line 35.
LaTeX Font Info:    Checking defaults for OMS/cmsy/m/n on input line 35.
LaTeX Font Info:    ... okay on input line 35.
LaTeX Font Info:    Checking defaults for OMX/cmex/m/n on input line 35.
LaTeX Font Info:    ... okay on input line 35.
LaTeX Font Info:    Checking defaults for U/cmr/m/n on input line 35.
LaTeX Font Info:    ... okay on input line 35.

(/usr/local/texlive/2012/texmf-dist/tex/context/base/supp-pdf.mkii
[Loading MPS to PDF converter (version 2006.09.02).]
\scratchcounter=\count130
\scratchdimen=\dimen130
\scratchbox=\box34
\nofMPsegments=\count131
\nofMParguments=\count132
\everyMPshowfont=\toks21
\MPscratchCnt=\count133
\MPscratchDim=\dimen131
\MPnumerator=\count134
\makeMPintoPDFobject=\count135
\everyMPtoPDFconversion=\toks22
) (/usr/local/texlive/2012/texmf-dist/tex/generic/oberdiek/pdftexcmds.sty
Package: pdftexcmds 2011/11/29 v0.20 Utility functions of pdfTeX for LuaTeX (HO
)

(/usr/local/texlive/2012/texmf-dist/tex/generic/oberdiek/ifluatex.sty
Package: ifluatex 2010/03/01 v1.3 Provides the ifluatex switch (HO)
Package ifluatex Info: LuaTeX not detected.
)
(/usr/local/texlive/2012/texmf-dist/tex/generic/oberdiek/ifpdf.sty
Package: ifpdf 2011/01/30 v2.3 Provides the ifpdf switch (HO)
Package ifpdf Info: pdfTeX in PDF mode is detected.
)
Package pdftexcmds Info: LuaTeX not detected.
Package pdftexcmds Info: \pdf@primitive is available.
Package pdftexcmds Info: \pdf@ifprimitive is available.
Package pdftexcmds Info: \pdfdraftmode found.
)
(/usr/local/texlive/2012/texmf-dist/tex/latex/oberdiek/epstopdf-base.sty
Package: epstopdf-base 2010/02/09 v2.5 Base part for package epstopdf

(/usr/local/texlive/2012/texmf-dist/tex/latex/oberdiek/grfext.sty
Package: grfext 2010/08/19 v1.1 Manage graphics extensions (HO)

(/usr/local/texlive/2012/texmf-dist/tex/generic/oberdiek/kvdefinekeys.sty
Package: kvdefinekeys 2011/04/07 v1.3 Define keys (HO)
))
(/usr/local/texlive/2012/texmf-dist/tex/latex/oberdiek/kvoptions.sty
Package: kvoptions 2011/06/30 v3.11 Key value format for package options (HO)

(/usr/local/texlive/2012/texmf-dist/tex/generic/oberdiek/kvsetkeys.sty
Package: kvsetkeys 2012/04/25 v1.16 Key value parser (HO)

(/usr/local/texlive/2012/texmf-dist/tex/generic/oberdiek/etexcmds.sty
Package: etexcmds 2011/02/16 v1.5 Avoid name clashes with e-TeX commands (HO)
Package etexcmds Info: Could not find \expanded.
(etexcmds)             That can mean that you are not using pdfTeX 1.50 or
(etexcmds)             that some package has redefined \expanded.
(etexcmds)             In the latter case, load this package earlier.
)))
Package grfext Info: Graphics extension search list:
(grfext)             [.png,.pdf,.jpg,.mps,.jpeg,.jbig2,.jb2,.PNG,.PDF,.JPG,.JPE
G,.JBIG2,.JB2,.eps]
(grfext)             \AppendGraphicsExtensions on input line 452.

(/usr/local/texlive/2012/texmf-dist/tex/latex/latexconfig/epstopdf-sys.cfg
File: epstopdf-sys.cfg 2010/07/13 v1.3 Configuration of (r)epstopdf for TeX Liv
e
))
Package caption Info: Begin \AtBeginDocument code.
Package caption Info: subfig package v1.3 is loaded.
Package caption Info: End \AtBeginDocument code.
Package epstopdf Info: Source file: <Style/McGillcrest.eps>
(epstopdf)                    date: 2012-12-05 11:21:53
(epstopdf)                    size: 6236 bytes
(epstopdf)             Output file: <Style/McGillcrest-eps-converted-to.pdf>
(epstopdf)                    date: 2012-12-05 11:22:22
(epstopdf)                    size: 7051 bytes
(epstopdf)             Command: <epstopdf --outfile=Style/McGillcrest-eps-conve
rted-to.pdf Style/McGillcrest.eps>
(epstopdf)             \includegraphics on input line 58.
Package epstopdf Info: Output file is already uptodate.

<Style/McGillcrest-eps-converted-to.pdf, id=1, 43.16125pt x 54.2025pt>
File: Style/McGillcrest-eps-converted-to.pdf Graphic file (type pdf)

<use Style/McGillcrest-eps-converted-to.pdf>
Package pdftex.def Info: Style/McGillcrest-eps-converted-to.pdf used on input l
ine 58.
(pdftex.def)             Requested size: 43.16113pt x 54.20236pt.
LaTeX Font Info:    Try loading font information for OMS+cmr on input line 58.

(/usr/local/texlive/2012/texmf-dist/tex/latex/base/omscmr.fd
File: omscmr.fd 1999/05/25 v2.5h Standard LaTeX font definitions
)
LaTeX Font Info:    Font shape `OMS/cmr/m/n' in size <12> not available
(Font)              Font shape `OMS/cmsy/m/n' tried instead on input line 58.
 [1

{/usr/local/texlive/2012/texmf-var/fonts/map/pdftex/updmap/pdftex.map} <./Style
/McGillcrest-eps-converted-to.pdf>] [1] [2] [3] (./thesis.toc

Package Fancyhdr Warning: \fancyhead's `E' option without twoside option is use
less on input line 24.


Package Fancyhdr Warning: \fancyfoot's `E' option without twoside option is use
less on input line 24.

[4

])
\tf@toc=\write3
\openout3 = `thesis.toc'.

 [5] (./thesis.lof)
\tf@lof=\write4
\openout4 = `thesis.lof'.



Package Fancyhdr Warning: \fancyhead's `E' option without twoside option is use
less on input line 96.


Package Fancyhdr Warning: \fancyfoot's `E' option without twoside option is use
less on input line 96.

[6

] (./thesis.lot)
\tf@lot=\write5
\openout5 = `thesis.lot'.



Package Fancyhdr Warning: \fancyhead's `E' option without twoside option is use
less on input line 98.


Package Fancyhdr Warning: \fancyfoot's `E' option without twoside option is use
less on input line 98.

[7

]

Package Fancyhdr Warning: \fancyhead's `E' option without twoside option is use
less on input line 109.


Package Fancyhdr Warning: \fancyfoot's `E' option without twoside option is use
less on input line 109.

[8

]

\openout2 = `chapters/introduction.aux'.

(./chapters/introduction.tex
Chapter 1.
)

Package Fancyhdr Warning: \fancyhead's `E' option without twoside option is use
less on input line 117.


Package Fancyhdr Warning: \fancyfoot's `E' option without twoside option is use
less on input line 117.

[1



]

\openout2 = `chapters/background.aux'.

(./chapters/background.tex
Chapter 2.
)

Package Fancyhdr Warning: \fancyhead's `E' option without twoside option is use
less on input line 120.


Package Fancyhdr Warning: \fancyfoot's `E' option without twoside option is use
less on input line 120.

[2



]

\openout2 = `chapters/design.aux'.

(./chapters/design.tex
Chapter 3.

Package Fancyhdr Warning: \fancyhead's `E' option without twoside option is use
less on input line 13.


Package Fancyhdr Warning: \fancyfoot's `E' option without twoside option is use
less on input line 13.

[3



]) [4]

\openout2 = `chapters/results.aux'.

(./chapters/results.tex
Chapter 4.
)

Package Fancyhdr Warning: \fancyhead's `E' option without twoside option is use
less on input line 126.


Package Fancyhdr Warning: \fancyfoot's `E' option without twoside option is use
less on input line 126.

[5



]

\openout2 = `chapters/conclusions.aux'.

(./chapters/conclusions.tex
Chapter 5.
)

Package Fancyhdr Warning: \fancyhead's `E' option without twoside option is use
less on input line 129.


Package Fancyhdr Warning: \fancyfoot's `E' option without twoside option is use
less on input line 129.

[6



]

(./thesis.bbl)

Package Fancyhdr Warning: \fancyhead's `E' option without twoside option is use
less on input line 148.


Package Fancyhdr Warning: \fancyfoot's `E' option without twoside option is use
less on input line 148.

[7



] (./thesis.aux (./chapters/introduction.aux) (./chapters/background.aux)
(./chapters/design.aux) (./chapters/results.aux) (./chapters/conclusions.aux)) 
) 
Here is how much of TeX's memory you used:
 4045 strings out of 493488
 58569 string characters out of 3141326
 128034 words of memory out of 3000000
 7240 multiletter control sequences out of 15000+200000
 12202 words of font info for 43 fonts, out of 3000000 for 9000
 957 hyphenation exceptions out of 8191
 44i,12n,47p,1057b,304s stack positions out of 5000i,500n,10000p,200000b,50000s
</usr/local/texlive/2012/texmf-dist/fonts/type1/public/amsfonts/cm/cmbx12.pfb>
</usr/local/texlive/2012/texmf-dist/fonts/type1/public/amsfonts/cm/cmbx8.pfb></
usr/local/texlive/2012/texmf-dist/fonts/type1/public/amsfonts/cm/cmr10.pfb></us
r/local/texlive/2012/texmf-dist/fonts/type1/public/amsfonts/cm/cmr12.pfb></usr/
local/texlive/2012/texmf-dist/fonts/type1/public/amsfonts/cm/cmr8.pfb></usr/loc
al/texlive/2012/texmf-dist/fonts/type1/public/amsfonts/cm/cmsy10.pfb></usr/loca
l/texlive/2012/texmf-dist/fonts/type1/public/amsfonts/cm/cmti12.pfb>
Output written on thesis.pdf (16 pages, 98437 bytes).
PDF statistics:
 87 PDF objects out of 1000 (max. 8388607)
 60 compressed objects within 1 object stream
 0 named destinations out of 1000 (max. 500000)
 6 words of extra memory for PDF output out of 10000 (max. 10000000)

